Analysis & Synthesis report for 04_hex_display
Fri Mar 19 20:03:16 2021
Quartus Prime Version 18.1.0 Build 625 09/12/2018 SJ Lite Edition


---------------------
; Table of Contents ;
---------------------
  1. Legal Notice
  2. Analysis & Synthesis Summary
  3. Analysis & Synthesis Settings
  4. Parallel Compilation
  5. Analysis & Synthesis Source Files Read
  6. Analysis & Synthesis Resource Usage Summary
  7. Analysis & Synthesis Resource Utilization by Entity
  8. Analysis & Synthesis IP Cores Summary
  9. Registers Removed During Synthesis
 10. General Register Statistics
 11. Multiplexer Restructuring Statistics (Restructuring Performed)
 12. Parameter Settings for User Entity Instance: clk_div:clkDiv1
 13. Parameter Settings for User Entity Instance: clk_div:clkDiv2
 14. Parameter Settings for User Entity Instance: rom_fetcher:romFetcher1|rom:rom
 15. Post-Synthesis Netlist Statistics for Top Partition
 16. Elapsed Time Per Partition
 17. Analysis & Synthesis Messages



----------------
; Legal Notice ;
----------------
Copyright (C) 2018  Intel Corporation. All rights reserved.
Your use of Intel Corporation's design tools, logic functions 
and other software and tools, and its AMPP partner logic 
functions, and any output files from any of the foregoing 
(including device programming or simulation files), and any 
associated documentation or information are expressly subject 
to the terms and conditions of the Intel Program License 
Subscription Agreement, the Intel Quartus Prime License Agreement,
the Intel FPGA IP License Agreement, or other applicable license
agreement, including, without limitation, that your use is for
the sole purpose of programming logic devices manufactured by
Intel and sold by Intel or its authorized distributors.  Please
refer to the applicable agreement for further details.



+----------------------------------------------------------------------------------+
; Analysis & Synthesis Summary                                                     ;
+------------------------------------+---------------------------------------------+
; Analysis & Synthesis Status        ; Successful - Fri Mar 19 20:03:15 2021       ;
; Quartus Prime Version              ; 18.1.0 Build 625 09/12/2018 SJ Lite Edition ;
; Revision Name                      ; 04_hex_display                              ;
; Top-level Entity Name              ; top                                         ;
; Family                             ; Cyclone IV E                                ;
; Total logic elements               ; 75                                          ;
;     Total combinational functions  ; 75                                          ;
;     Dedicated logic registers      ; 46                                          ;
; Total registers                    ; 46                                          ;
; Total pins                         ; 12                                          ;
; Total virtual pins                 ; 0                                           ;
; Total memory bits                  ; 0                                           ;
; Embedded Multiplier 9-bit elements ; 0                                           ;
; Total PLLs                         ; 0                                           ;
+------------------------------------+---------------------------------------------+


+------------------------------------------------------------------------------------------------------------+
; Analysis & Synthesis Settings                                                                              ;
+------------------------------------------------------------------+--------------------+--------------------+
; Option                                                           ; Setting            ; Default Value      ;
+------------------------------------------------------------------+--------------------+--------------------+
; Device                                                           ; EP4CE6E22C8        ;                    ;
; Top-level entity name                                            ; top                ; 04_hex_display     ;
; Family name                                                      ; Cyclone IV E       ; Cyclone V          ;
; Maximum processors allowed for parallel compilation              ; 1                  ;                    ;
; Use smart compilation                                            ; Off                ; Off                ;
; Enable parallel Assembler and Timing Analyzer during compilation ; On                 ; On                 ;
; Enable compact report table                                      ; Off                ; Off                ;
; Restructure Multiplexers                                         ; Auto               ; Auto               ;
; Create Debugging Nodes for IP Cores                              ; Off                ; Off                ;
; Preserve fewer node names                                        ; On                 ; On                 ;
; Intel FPGA IP Evaluation Mode                                    ; Enable             ; Enable             ;
; Verilog Version                                                  ; Verilog_2001       ; Verilog_2001       ;
; VHDL Version                                                     ; VHDL_1993          ; VHDL_1993          ;
; State Machine Processing                                         ; Auto               ; Auto               ;
; Safe State Machine                                               ; Off                ; Off                ;
; Extract Verilog State Machines                                   ; On                 ; On                 ;
; Extract VHDL State Machines                                      ; On                 ; On                 ;
; Ignore Verilog initial constructs                                ; Off                ; Off                ;
; Iteration limit for constant Verilog loops                       ; 5000               ; 5000               ;
; Iteration limit for non-constant Verilog loops                   ; 250                ; 250                ;
; Add Pass-Through Logic to Inferred RAMs                          ; On                 ; On                 ;
; Infer RAMs from Raw Logic                                        ; On                 ; On                 ;
; Parallel Synthesis                                               ; On                 ; On                 ;
; DSP Block Balancing                                              ; Auto               ; Auto               ;
; NOT Gate Push-Back                                               ; On                 ; On                 ;
; Power-Up Don't Care                                              ; On                 ; On                 ;
; Remove Redundant Logic Cells                                     ; Off                ; Off                ;
; Remove Duplicate Registers                                       ; On                 ; On                 ;
; Ignore CARRY Buffers                                             ; Off                ; Off                ;
; Ignore CASCADE Buffers                                           ; Off                ; Off                ;
; Ignore GLOBAL Buffers                                            ; Off                ; Off                ;
; Ignore ROW GLOBAL Buffers                                        ; Off                ; Off                ;
; Ignore LCELL Buffers                                             ; Off                ; Off                ;
; Ignore SOFT Buffers                                              ; On                 ; On                 ;
; Limit AHDL Integers to 32 Bits                                   ; Off                ; Off                ;
; Optimization Technique                                           ; Balanced           ; Balanced           ;
; Carry Chain Length                                               ; 70                 ; 70                 ;
; Auto Carry Chains                                                ; On                 ; On                 ;
; Auto Open-Drain Pins                                             ; On                 ; On                 ;
; Perform WYSIWYG Primitive Resynthesis                            ; Off                ; Off                ;
; Auto ROM Replacement                                             ; On                 ; On                 ;
; Auto RAM Replacement                                             ; On                 ; On                 ;
; Auto DSP Block Replacement                                       ; On                 ; On                 ;
; Auto Shift Register Replacement                                  ; Auto               ; Auto               ;
; Allow Shift Register Merging across Hierarchies                  ; Auto               ; Auto               ;
; Auto Clock Enable Replacement                                    ; On                 ; On                 ;
; Strict RAM Replacement                                           ; Off                ; Off                ;
; Allow Synchronous Control Signals                                ; On                 ; On                 ;
; Force Use of Synchronous Clear Signals                           ; Off                ; Off                ;
; Auto RAM Block Balancing                                         ; On                 ; On                 ;
; Auto RAM to Logic Cell Conversion                                ; Off                ; Off                ;
; Auto Resource Sharing                                            ; Off                ; Off                ;
; Allow Any RAM Size For Recognition                               ; Off                ; Off                ;
; Allow Any ROM Size For Recognition                               ; Off                ; Off                ;
; Allow Any Shift Register Size For Recognition                    ; Off                ; Off                ;
; Use LogicLock Constraints during Resource Balancing              ; On                 ; On                 ;
; Ignore translate_off and synthesis_off directives                ; Off                ; Off                ;
; Timing-Driven Synthesis                                          ; On                 ; On                 ;
; Report Parameter Settings                                        ; On                 ; On                 ;
; Report Source Assignments                                        ; On                 ; On                 ;
; Report Connectivity Checks                                       ; On                 ; On                 ;
; Ignore Maximum Fan-Out Assignments                               ; Off                ; Off                ;
; Synchronization Register Chain Length                            ; 2                  ; 2                  ;
; Power Optimization During Synthesis                              ; Normal compilation ; Normal compilation ;
; HDL message level                                                ; Level2             ; Level2             ;
; Suppress Register Optimization Related Messages                  ; Off                ; Off                ;
; Number of Removed Registers Reported in Synthesis Report         ; 5000               ; 5000               ;
; Number of Swept Nodes Reported in Synthesis Report               ; 5000               ; 5000               ;
; Number of Inverted Registers Reported in Synthesis Report        ; 100                ; 100                ;
; Clock MUX Protection                                             ; On                 ; On                 ;
; Auto Gated Clock Conversion                                      ; Off                ; Off                ;
; Block Design Naming                                              ; Auto               ; Auto               ;
; SDC constraint protection                                        ; Off                ; Off                ;
; Synthesis Effort                                                 ; Auto               ; Auto               ;
; Shift Register Replacement - Allow Asynchronous Clear Signal     ; On                 ; On                 ;
; Pre-Mapping Resynthesis Optimization                             ; Off                ; Off                ;
; Analysis & Synthesis Message Level                               ; Medium             ; Medium             ;
; Disable Register Merging Across Hierarchies                      ; Auto               ; Auto               ;
; Resource Aware Inference For Block RAM                           ; On                 ; On                 ;
+------------------------------------------------------------------+--------------------+--------------------+


Parallel compilation was disabled, but you have multiple processors available. Enable parallel compilation to reduce compilation time.
+-------------------------------------+
; Parallel Compilation                ;
+----------------------------+--------+
; Processors                 ; Number ;
+----------------------------+--------+
; Number detected on machine ; 8      ;
; Maximum allowed            ; 1      ;
+----------------------------+--------+


+-----------------------------------------------------------------------------------------------------------------------------------------+
; Analysis & Synthesis Source Files Read                                                                                                  ;
+----------------------------------+-----------------+------------------------+-------------------------------------------------+---------+
; File Name with User-Entered Path ; Used in Netlist ; File Type              ; File Name with Absolute Path                    ; Library ;
+----------------------------------+-----------------+------------------------+-------------------------------------------------+---------+
; top.v                            ; yes             ; User Verilog HDL File  ; C:/repositories/Verilog/homework3/top.v         ;         ;
; clkdiv.v                         ; yes             ; User Verilog HDL File  ; C:/repositories/Verilog/homework3/clkdiv.v      ;         ;
; rom_fetcher.v                    ; yes             ; User Verilog HDL File  ; C:/repositories/Verilog/homework3/rom_fetcher.v ;         ;
; hex_display.v                    ; yes             ; User Verilog HDL File  ; C:/repositories/Verilog/homework3/hex_display.v ;         ;
; rom.v                            ; yes             ; User Verilog HDL File  ; C:/repositories/Verilog/homework3/rom.v         ;         ;
; number.txt                       ; yes             ; Auto-Found File        ; C:/repositories/Verilog/homework3/number.txt    ;         ;
+----------------------------------+-----------------+------------------------+-------------------------------------------------+---------+


+---------------------------------------------------------+
; Analysis & Synthesis Resource Usage Summary             ;
+---------------------------------------------+-----------+
; Resource                                    ; Usage     ;
+---------------------------------------------+-----------+
; Estimated Total logic elements              ; 75        ;
;                                             ;           ;
; Total combinational functions               ; 75        ;
; Logic element usage by number of LUT inputs ;           ;
;     -- 4 input functions                    ; 30        ;
;     -- 3 input functions                    ; 3         ;
;     -- <=2 input functions                  ; 42        ;
;                                             ;           ;
; Logic elements by mode                      ;           ;
;     -- normal mode                          ; 41        ;
;     -- arithmetic mode                      ; 34        ;
;                                             ;           ;
; Total registers                             ; 46        ;
;     -- Dedicated logic registers            ; 46        ;
;     -- I/O registers                        ; 0         ;
;                                             ;           ;
; I/O pins                                    ; 12        ;
;                                             ;           ;
; Embedded Multiplier 9-bit elements          ; 0         ;
;                                             ;           ;
; Maximum fan-out node                        ; CLK~input ;
; Maximum fan-out                             ; 25        ;
; Total fan-out                               ; 322       ;
; Average fan-out                             ; 2.22      ;
+---------------------------------------------+-----------+


+-----------------------------------------------------------------------------------------------------------------------------------------------------------------------------------------------------------------------------------------+
; Analysis & Synthesis Resource Utilization by Entity                                                                                                                                                                                     ;
+-------------------------------+---------------------+---------------------------+-------------+--------------+---------+-----------+------+--------------+-------------------------------------------------+-------------+--------------+
; Compilation Hierarchy Node    ; Combinational ALUTs ; Dedicated Logic Registers ; Memory Bits ; DSP Elements ; DSP 9x9 ; DSP 18x18 ; Pins ; Virtual Pins ; Full Hierarchy Name                             ; Entity Name ; Library Name ;
+-------------------------------+---------------------+---------------------------+-------------+--------------+---------+-----------+------+--------------+-------------------------------------------------+-------------+--------------+
; |top                          ; 75 (0)              ; 46 (0)                    ; 0           ; 0            ; 0       ; 0         ; 12   ; 0            ; |top                                            ; top         ; work         ;
;    |clk_div:clkDiv1|          ; 11 (11)             ; 1 (1)                     ; 0           ; 0            ; 0       ; 0         ; 0    ; 0            ; |top|clk_div:clkDiv1                            ; clk_div     ; work         ;
;    |clk_div:clkDiv2|          ; 24 (24)             ; 24 (24)                   ; 0           ; 0            ; 0       ; 0         ; 0    ; 0            ; |top|clk_div:clkDiv2                            ; clk_div     ; work         ;
;    |hex_display:hexDisp1|     ; 21 (14)             ; 2 (2)                     ; 0           ; 0            ; 0       ; 0         ; 0    ; 0            ; |top|hex_display:hexDisp1                       ; hex_display ; work         ;
;       |hex_to_seg:hex_to_seg| ; 7 (7)               ; 0 (0)                     ; 0           ; 0            ; 0       ; 0         ; 0    ; 0            ; |top|hex_display:hexDisp1|hex_to_seg:hex_to_seg ; hex_to_seg  ; work         ;
;    |rom_fetcher:romFetcher1|  ; 19 (4)              ; 19 (4)                    ; 0           ; 0            ; 0       ; 0         ; 0    ; 0            ; |top|rom_fetcher:romFetcher1                    ; rom_fetcher ; work         ;
;       |rom:rom|               ; 15 (15)             ; 15 (15)                   ; 0           ; 0            ; 0       ; 0         ; 0    ; 0            ; |top|rom_fetcher:romFetcher1|rom:rom            ; rom         ; work         ;
+-------------------------------+---------------------+---------------------------+-------------+--------------+---------+-----------+------+--------------+-------------------------------------------------+-------------+--------------+
Note: For table entries with two numbers listed, the numbers in parentheses indicate the number of resources of the given type used by the specific entity alone. The numbers listed outside of parentheses indicate the total resources of the given type used by the specific entity and all of its sub-entities in the hierarchy.


+------------------------------------------------------------------------------------------------------------------------+
; Analysis & Synthesis IP Cores Summary                                                                                  ;
+--------+--------------+---------+--------------+--------------+--------------------------------------+-----------------+
; Vendor ; IP Core Name ; Version ; Release Date ; License Type ; Entity Instance                      ; IP Include File ;
+--------+--------------+---------+--------------+--------------+--------------------------------------+-----------------+
; N/A    ; ROM: 1-PORT  ; 18.1    ; N/A          ; N/A          ; |top|rom_fetcher:romFetcher1|rom:rom ;                 ;
+--------+--------------+---------+--------------+--------------+--------------------------------------+-----------------+


+-------------------------------------------------------------------------------------+
; Registers Removed During Synthesis                                                  ;
+--------------------------------------------+----------------------------------------+
; Register name                              ; Reason for Removal                     ;
+--------------------------------------------+----------------------------------------+
; clk_div:clkDiv1|cnt[0]                     ; Merged with clk_div:clkDiv2|cnt[0]     ;
; clk_div:clkDiv1|cnt[1]                     ; Merged with clk_div:clkDiv2|cnt[1]     ;
; clk_div:clkDiv1|cnt[2]                     ; Merged with clk_div:clkDiv2|cnt[2]     ;
; clk_div:clkDiv1|cnt[3]                     ; Merged with clk_div:clkDiv2|cnt[3]     ;
; clk_div:clkDiv1|cnt[4]                     ; Merged with clk_div:clkDiv2|cnt[4]     ;
; clk_div:clkDiv1|cnt[5]                     ; Merged with clk_div:clkDiv2|cnt[5]     ;
; clk_div:clkDiv1|cnt[6]                     ; Merged with clk_div:clkDiv2|cnt[6]     ;
; clk_div:clkDiv1|cnt[7]                     ; Merged with clk_div:clkDiv2|cnt[7]     ;
; clk_div:clkDiv1|cnt[8]                     ; Merged with clk_div:clkDiv2|cnt[8]     ;
; clk_div:clkDiv1|cnt[9]                     ; Merged with clk_div:clkDiv2|cnt[9]     ;
; clk_div:clkDiv1|cnt[10]                    ; Merged with clk_div:clkDiv2|cnt[10]    ;
; rom_fetcher:romFetcher1|rom:rom|number[15] ; Stuck at GND due to stuck port data_in ;
; rom_fetcher:romFetcher1|address[4..15]     ; Lost fanout                            ;
; Total Number of Removed Registers = 24     ;                                        ;
+--------------------------------------------+----------------------------------------+


+------------------------------------------------------+
; General Register Statistics                          ;
+----------------------------------------------+-------+
; Statistic                                    ; Value ;
+----------------------------------------------+-------+
; Total registers                              ; 46    ;
; Number of registers using Synchronous Clear  ; 0     ;
; Number of registers using Synchronous Load   ; 0     ;
; Number of registers using Asynchronous Clear ; 0     ;
; Number of registers using Asynchronous Load  ; 0     ;
; Number of registers using Clock Enable       ; 0     ;
; Number of registers using Preset             ; 0     ;
+----------------------------------------------+-------+


+----------------------------------------------------------------------------------------------------------------------------------------------+
; Multiplexer Restructuring Statistics (Restructuring Performed)                                                                               ;
+--------------------+-----------+---------------+----------------------+------------------------+------------+--------------------------------+
; Multiplexer Inputs ; Bus Width ; Baseline Area ; Area if Restructured ; Saving if Restructured ; Registered ; Example Multiplexer Output     ;
+--------------------+-----------+---------------+----------------------+------------------------+------------+--------------------------------+
; 4:1                ; 3 bits    ; 6 LEs         ; 6 LEs                ; 0 LEs                  ; No         ; |top|hex_display:hexDisp1|Mux2 ;
+--------------------+-----------+---------------+----------------------+------------------------+------------+--------------------------------+


+--------------------------------------------------------------+
; Parameter Settings for User Entity Instance: clk_div:clkDiv1 ;
+----------------+-------+-------------------------------------+
; Parameter Name ; Value ; Type                                ;
+----------------+-------+-------------------------------------+
; X              ; 12    ; Signed Integer                      ;
+----------------+-------+-------------------------------------+
Note: In order to hide this table in the UI and the text report file, please set the "Show Parameter Settings in Synthesis Report" option in "Analysis and Synthesis Settings -> More Settings" to "Off".


+--------------------------------------------------------------+
; Parameter Settings for User Entity Instance: clk_div:clkDiv2 ;
+----------------+-------+-------------------------------------+
; Parameter Name ; Value ; Type                                ;
+----------------+-------+-------------------------------------+
; X              ; 24    ; Signed Integer                      ;
+----------------+-------+-------------------------------------+
Note: In order to hide this table in the UI and the text report file, please set the "Show Parameter Settings in Synthesis Report" option in "Analysis and Synthesis Settings -> More Settings" to "Off".


+------------------------------------------------------------------------------+
; Parameter Settings for User Entity Instance: rom_fetcher:romFetcher1|rom:rom ;
+----------------+-------+-----------------------------------------------------+
; Parameter Name ; Value ; Type                                                ;
+----------------+-------+-----------------------------------------------------+
; LENGTH         ; 16    ; Signed Integer                                      ;
; WIDTH          ; 16    ; Signed Integer                                      ;
+----------------+-------+-----------------------------------------------------+
Note: In order to hide this table in the UI and the text report file, please set the "Show Parameter Settings in Synthesis Report" option in "Analysis and Synthesis Settings -> More Settings" to "Off".


+-----------------------------------------------------+
; Post-Synthesis Netlist Statistics for Top Partition ;
+-----------------------+-----------------------------+
; Type                  ; Count                       ;
+-----------------------+-----------------------------+
; boundary_port         ; 12                          ;
; cycloneiii_ff         ; 46                          ;
;     plain             ; 46                          ;
; cycloneiii_lcell_comb ; 83                          ;
;     arith             ; 34                          ;
;         2 data inputs ; 31                          ;
;         3 data inputs ; 3                           ;
;     normal            ; 49                          ;
;         1 data inputs ; 14                          ;
;         2 data inputs ; 5                           ;
;         4 data inputs ; 30                          ;
;                       ;                             ;
; Max LUT depth         ; 4.00                        ;
; Average LUT depth     ; 2.44                        ;
+-----------------------+-----------------------------+


+-------------------------------+
; Elapsed Time Per Partition    ;
+----------------+--------------+
; Partition Name ; Elapsed Time ;
+----------------+--------------+
; Top            ; 00:00:00     ;
+----------------+--------------+


+-------------------------------+
; Analysis & Synthesis Messages ;
+-------------------------------+
Info: *******************************************************************
Info: Running Quartus Prime Analysis & Synthesis
    Info: Version 18.1.0 Build 625 09/12/2018 SJ Lite Edition
    Info: Processing started: Fri Mar 19 20:03:00 2021
Info: Command: quartus_map --read_settings_files=on --write_settings_files=off 04_hex_display -c 04_hex_display
Warning (12473): User specified to use only one processors but 8 processors were detected which could be used to decrease run time.
Info (12021): Found 1 design units, including 1 entities, in source file top.v
    Info (12023): Found entity 1: top File: C:/repositories/Verilog/homework3/top.v Line: 1
Info (12021): Found 1 design units, including 1 entities, in source file clkdiv.v
    Info (12023): Found entity 1: clk_div File: C:/repositories/Verilog/homework3/clkdiv.v Line: 1
Info (12021): Found 1 design units, including 1 entities, in source file hex2seg.v
    Info (12023): Found entity 1: hex2seg File: C:/repositories/Verilog/homework3/hex2seg.v Line: 2
Info (12021): Found 1 design units, including 1 entities, in source file cnthex.v
    Info (12023): Found entity 1: cnthex File: C:/repositories/Verilog/homework3/cnthex.v Line: 1
Info (12021): Found 1 design units, including 1 entities, in source file clkdiv10.v
    Info (12023): Found entity 1: clkdiv10 File: C:/repositories/Verilog/homework3/clkdiv10.v Line: 1
Info (12021): Found 1 design units, including 1 entities, in source file shownumber.v
    Info (12023): Found entity 1: shownumber File: C:/repositories/Verilog/homework3/shownumber.v Line: 1
Info (12021): Found 1 design units, including 1 entities, in source file rom_fetcher.v
    Info (12023): Found entity 1: rom_fetcher File: C:/repositories/Verilog/homework3/rom_fetcher.v Line: 1
Info (12021): Found 2 design units, including 2 entities, in source file hex_display.v
    Info (12023): Found entity 1: hex_display File: C:/repositories/Verilog/homework3/hex_display.v Line: 1
    Info (12023): Found entity 2: hex_to_seg File: C:/repositories/Verilog/homework3/hex_display.v Line: 24
Info (12021): Found 1 design units, including 1 entities, in source file rom.v
    Info (12023): Found entity 1: rom File: C:/repositories/Verilog/homework3/rom.v Line: 1
Warning (10236): Verilog HDL Implicit Net warning at top.v(18): created implicit net for "clk12" File: C:/repositories/Verilog/homework3/top.v Line: 18
Warning (10236): Verilog HDL Implicit Net warning at top.v(21): created implicit net for "clk24" File: C:/repositories/Verilog/homework3/top.v Line: 21
Info (12127): Elaborating entity "top" for the top level hierarchy
Info (12128): Elaborating entity "clk_div" for hierarchy "clk_div:clkDiv1" File: C:/repositories/Verilog/homework3/top.v Line: 18
Warning (10230): Verilog HDL assignment warning at clkdiv.v(13): truncated value with size 32 to match size of target (12) File: C:/repositories/Verilog/homework3/clkdiv.v Line: 13
Info (12128): Elaborating entity "clk_div" for hierarchy "clk_div:clkDiv2" File: C:/repositories/Verilog/homework3/top.v Line: 21
Warning (10230): Verilog HDL assignment warning at clkdiv.v(13): truncated value with size 32 to match size of target (24) File: C:/repositories/Verilog/homework3/clkdiv.v Line: 13
Info (12128): Elaborating entity "hex_display" for hierarchy "hex_display:hexDisp1" File: C:/repositories/Verilog/homework3/top.v Line: 23
Info (12128): Elaborating entity "hex_to_seg" for hierarchy "hex_display:hexDisp1|hex_to_seg:hex_to_seg" File: C:/repositories/Verilog/homework3/hex_display.v Line: 20
Info (12128): Elaborating entity "rom_fetcher" for hierarchy "rom_fetcher:romFetcher1" File: C:/repositories/Verilog/homework3/top.v Line: 25
Warning (10230): Verilog HDL assignment warning at rom_fetcher.v(13): truncated value with size 32 to match size of target (16) File: C:/repositories/Verilog/homework3/rom_fetcher.v Line: 13
Info (12128): Elaborating entity "rom" for hierarchy "rom_fetcher:romFetcher1|rom:rom" File: C:/repositories/Verilog/homework3/rom_fetcher.v Line: 10
Warning (10030): Net "mem.data_a" at rom.v(9) has no driver or initial value, using a default initial value '0' File: C:/repositories/Verilog/homework3/rom.v Line: 9
Warning (10030): Net "mem.waddr_a" at rom.v(9) has no driver or initial value, using a default initial value '0' File: C:/repositories/Verilog/homework3/rom.v Line: 9
Warning (10030): Net "mem.we_a" at rom.v(9) has no driver or initial value, using a default initial value '0' File: C:/repositories/Verilog/homework3/rom.v Line: 9
Info (276014): Found 1 instances of uninferred RAM logic
    Info (276004): RAM logic "rom_fetcher:romFetcher1|rom:rom|mem" is uninferred due to inappropriate RAM size File: C:/repositories/Verilog/homework3/rom.v Line: 9
Info (286030): Timing-Driven Synthesis is running
Info (17049): 12 registers lost all their fanouts during netlist optimizations.
Info (16010): Generating hard_block partition "hard_block:auto_generated_inst"
    Info (16011): Adding 0 node(s), including 0 DDIO, 0 PLL, 0 transceiver and 0 LCELL
Info (21057): Implemented 87 device resources after synthesis - the final resource count might be different
    Info (21058): Implemented 1 input pins
    Info (21059): Implemented 11 output pins
    Info (21061): Implemented 75 logic cells
Info: Quartus Prime Analysis & Synthesis was successful. 0 errors, 9 warnings
    Info: Peak virtual memory: 4735 megabytes
    Info: Processing ended: Fri Mar 19 20:03:16 2021
    Info: Elapsed time: 00:00:16
    Info: Total CPU time (on all processors): 00:00:34


